----------------------- CODESP1 -----------------------
Num hilos: 2
Tiempo de ejecución de process: 57.842465
------------------------------------------------------
Tiempo t1: 1362140.929712
Tiempo t2: 1362198.772178
------------------------------------------------------
Num hilos: 4
Tiempo de ejecución de process: 29.853021
------------------------------------------------------
Tiempo t1: 1362198.876760
Tiempo t2: 1362228.729781
------------------------------------------------------
Num hilos: 8
Tiempo de ejecución de process: 16.274891
------------------------------------------------------
Tiempo t1: 1362228.890244
Tiempo t2: 1362245.165135
------------------------------------------------------
Num hilos: 16
Tiempo de ejecución de process: 9.324538
------------------------------------------------------
Tiempo t1: 1362245.278342
Tiempo t2: 1362254.602880
------------------------------------------------------
Num hilos: 32
Tiempo de ejecución de process: 5.342999
------------------------------------------------------
Tiempo t1: 1362254.712394
Tiempo t2: 1362260.055393
------------------------------------------------------
Num hilos: 64
Tiempo de ejecución de process: 4.070646
------------------------------------------------------
Tiempo t1: 1362260.164310
Tiempo t2: 1362264.234956
------------------------------------------------------
Num hilos: 128
Tiempo de ejecución de process: 5.986586
------------------------------------------------------
Tiempo t1: 1362264.437164
Tiempo t2: 1362270.423750
------------------------------------------------------
Num hilos: 256
Tiempo de ejecución de process: 5.378056
------------------------------------------------------
Tiempo t1: 1362270.555729
Tiempo t2: 1362275.933785
------------------------------------------------------
\n \n \n
----------------------- CODESP2 -----------------------
Num hilos: 2
Tiempo de ejecución de process: 80.898091
------------------------------------------------------
Tiempo t1: 1362276.121376
Tiempo t2: 1362357.019468
------------------------------------------------------
Num hilos: 4
Tiempo de ejecución de process: 47.268891
------------------------------------------------------
Tiempo t1: 1362357.129642
Tiempo t2: 1362404.398533
------------------------------------------------------
Num hilos: 8
Tiempo de ejecución de process: 25.385297
------------------------------------------------------
Tiempo t1: 1362404.510233
Tiempo t2: 1362429.895530
------------------------------------------------------
Num hilos: 16
Tiempo de ejecución de process: 14.814093
------------------------------------------------------
Tiempo t1: 1362430.005378
Tiempo t2: 1362444.819471
------------------------------------------------------
Num hilos: 32
Tiempo de ejecución de process: 8.237594
------------------------------------------------------
Tiempo t1: 1362444.941684
Tiempo t2: 1362453.179277
------------------------------------------------------
Num hilos: 64
Tiempo de ejecución de process: 5.336313
------------------------------------------------------
Tiempo t1: 1362453.293715
Tiempo t2: 1362458.630028
------------------------------------------------------
Num hilos: 128
Tiempo de ejecución de process: 5.830986
------------------------------------------------------
Tiempo t1: 1362458.750193
Tiempo t2: 1362464.581179
------------------------------------------------------
Num hilos: 256
Tiempo de ejecución de process: 5.228539
------------------------------------------------------
Tiempo t1: 1362464.721819
Tiempo t2: 1362469.950358
------------------------------------------------------
